TN:
SF:/Users/cliffano/dev/workspace/bagoftext/lib/bagoftext.js
FN:17,initLocales
FN:23,_availLocales
FN:24,(anonymous_3)
FN:29,_currLocale
FN:56,setLocale
FN:65,__
FNF:6
FNH:6
FNDA:4,initLocales
FNDA:4,_availLocales
FNDA:7,(anonymous_3)
FNDA:4,_currLocale
FNDA:1,setLocale
FNDA:2,__
DA:1,1
DA:17,1
DA:19,4
DA:20,4
DA:21,4
DA:23,1
DA:24,4
DA:25,7
DA:29,1
DA:30,4
DA:31,4
DA:32,3
DA:33,3
DA:34,2
DA:37,4
DA:40,4
DA:47,4
DA:48,4
DA:56,1
DA:57,1
DA:65,1
DA:67,2
DA:68,2
DA:69,2
DA:71,2
DA:74,1
DA:75,1
DA:76,1
LF:28
LH:28
BRDA:19,1,0,4
BRDA:19,1,1,1
BRDA:20,2,0,4
BRDA:20,2,1,1
BRDA:21,3,0,4
BRDA:21,3,1,3
BRDA:31,4,0,3
BRDA:31,4,1,1
BRDA:33,5,0,2
BRDA:33,5,1,1
BRF:10
BRH:10
end_of_record
